[debug] [2022-06-09T20:32:25.708Z] ----------------------------------------------------------------------
[debug] [2022-06-09T20:32:25.718Z] Command:       /home/jjvv/.nvm/versions/node/v16.14.2/bin/node /home/jjvv/.nvm/versions/node/v16.14.2/bin/firebase deploy
[debug] [2022-06-09T20:32:25.721Z] CLI Version:   11.0.1
[debug] [2022-06-09T20:32:25.722Z] Platform:      linux
[debug] [2022-06-09T20:32:25.723Z] Node Version:  v16.14.2
[debug] [2022-06-09T20:32:25.725Z] Time:          Thu Jun 09 2022 16:32:25 GMT-0400 (hora de Venezuela)
[debug] [2022-06-09T20:32:25.726Z] ----------------------------------------------------------------------
[debug] 
[debug] [2022-06-09T20:32:26.021Z] > command requires scopes: ["email","openid","https://www.googleapis.com/auth/cloudplatformprojects.readonly","https://www.googleapis.com/auth/firebase","https://www.googleapis.com/auth/cloud-platform"]
[debug] [2022-06-09T20:32:26.024Z] > authorizing via signed-in user (jjvillalba97@gmail.com)
[debug] [2022-06-09T20:32:26.025Z] [iam] checking project freire-presentation for permissions ["firebase.projects.get","firebasehosting.sites.update"]
[debug] [2022-06-09T20:32:26.035Z] >>> [apiv2][query] POST https://cloudresourcemanager.googleapis.com/v1/projects/freire-presentation:testIamPermissions [none]
[debug] [2022-06-09T20:32:26.037Z] >>> [apiv2][body] POST https://cloudresourcemanager.googleapis.com/v1/projects/freire-presentation:testIamPermissions {"permissions":["firebase.projects.get","firebasehosting.sites.update"]}
[debug] [2022-06-09T20:32:37.191Z] <<< [apiv2][status] POST https://cloudresourcemanager.googleapis.com/v1/projects/freire-presentation:testIamPermissions 200
[debug] [2022-06-09T20:32:37.191Z] <<< [apiv2][body] POST https://cloudresourcemanager.googleapis.com/v1/projects/freire-presentation:testIamPermissions {"permissions":["firebase.projects.get","firebasehosting.sites.update"]}
[debug] [2022-06-09T20:32:37.196Z] >>> [apiv2][query] GET https://firebase.googleapis.com/v1beta1/projects/freire-presentation [none]
[debug] [2022-06-09T20:32:43.148Z] <<< [apiv2][status] GET https://firebase.googleapis.com/v1beta1/projects/freire-presentation 200
[debug] [2022-06-09T20:32:43.150Z] <<< [apiv2][body] GET https://firebase.googleapis.com/v1beta1/projects/freire-presentation {"projectId":"freire-presentation","projectNumber":"86286815823","displayName":"freire-presentation","name":"projects/freire-presentation","resources":{"hostingSite":"freire-presentation"},"state":"ACTIVE"}
[info] 
[info] === Deploying to 'freire-presentation'...
[info] 
[info] i  deploying hosting 
[debug] [2022-06-09T20:32:43.167Z] >>> [apiv2][query] GET https://firebase.googleapis.com/v1beta1/projects/freire-presentation [none]
[debug] [2022-06-09T20:32:45.587Z] <<< [apiv2][status] GET https://firebase.googleapis.com/v1beta1/projects/freire-presentation 200
[debug] [2022-06-09T20:32:45.588Z] <<< [apiv2][body] GET https://firebase.googleapis.com/v1beta1/projects/freire-presentation {"projectId":"freire-presentation","projectNumber":"86286815823","displayName":"freire-presentation","name":"projects/freire-presentation","resources":{"hostingSite":"freire-presentation"},"state":"ACTIVE"}
[debug] [2022-06-09T20:32:45.604Z] >>> [apiv2][query] POST https://firebasehosting.googleapis.com/v1beta1/projects/86286815823/sites/freire-presentation/versions [none]
[debug] [2022-06-09T20:32:45.605Z] >>> [apiv2][body] POST https://firebasehosting.googleapis.com/v1beta1/projects/86286815823/sites/freire-presentation/versions {"config":{},"labels":{"deployment-tool":"cli-firebase"}}
[debug] [2022-06-09T20:32:47.016Z] <<< [apiv2][status] POST https://firebasehosting.googleapis.com/v1beta1/projects/86286815823/sites/freire-presentation/versions 200
[debug] [2022-06-09T20:32:47.016Z] <<< [apiv2][body] POST https://firebasehosting.googleapis.com/v1beta1/projects/86286815823/sites/freire-presentation/versions {"name":"projects/86286815823/sites/freire-presentation/versions/5282dc86df2687f1","status":"CREATED","config":{},"labels":{"deployment-tool":"cli-firebase"}}
[info] i  hosting[freire-presentation]: beginning deploy... 
[info] i  hosting[freire-presentation]: found 86 files in . 
[debug] [2022-06-09T20:32:47.129Z] [hosting] uploading with 200 concurrency
[debug] [2022-06-09T20:32:47.178Z] [hosting] hash cache [] stored for 86 files
[debug] [2022-06-09T20:32:47.179Z] [hosting][hash queue][FINAL] {"max":22,"min":1,"avg":2.6910458822011942,"active":0,"complete":86,"success":86,"errored":0,"retried":0,"total":86,"elapsed":45}
[debug] [2022-06-09T20:32:47.181Z] >>> [apiv2][query] POST https://firebasehosting.googleapis.com/v1beta1/projects/86286815823/sites/freire-presentation/versions/5282dc86df2687f1:populateFiles [none]
[debug] [2022-06-09T20:32:47.181Z] >>> [apiv2][body] POST https://firebasehosting.googleapis.com/v1beta1/projects/86286815823/sites/freire-presentation/versions/5282dc86df2687f1:populateFiles {"files":{"/404.html":"b7bab6b83fa074653ff28c8d2a64135d3434575f70a12ab3d3ba8080461b9537","/LICENSE":"fd0a11ac4914219164b1e37f00882effe9381eedef490a0f8c6d00ea824dadb3","/README.md":"3f8bef376aaa6e9e9c7fadcceb8e0aeca36b032163dcbf20cab82e3336b4aa03","/demo.html":"e0c9986ea6a4a71965f85a188f0b6515608639729d260700fcf24cea34e72c4f","/gulpfile.js":"9c71af06802df92d0598b8dc384c3140e1616a3c09389cc28fbc38a659468dd7","/index.html":"89d09bf6f033d01c47dcd5e94b50968aaf7ac5edb438e4180ca22864a94b8624","/package-lock.json":"1c63999c807937a18173d48beaeeed75604f24d01f71e38b03accc61f9823eef","/package.json":"12d494afd9d92cce056341973390d4ad0a18479dc64af4154ccce8f67e0b6a7d","/.git/HEAD":"b9e5f9cde6b8107e61739816c65059fb1ebb122c63092491028fefb584aaa1a3","/.git/config":"fee7357484198b8d50be53846687906dc55f85b0e26fd290226385b62c73c2c9","/.git/description":"033b7b2d8c0304f97fae56f0d0bd4019d72b6f6c2d428557b2fe2779ffbe90b3","/.git/index":"6d40cf567dcde74267a117bcd3c5ef70feed608592ab016de820ede504ddcb7d","/.git/packed-refs":"971c68c0b1741850c835e1cd816aec4ed0925b0552c6258100d59a4ea1e54449","/.git/hooks/applypatch-msg.sample":"1694a7177ff66583535022bce25a37d0f7c48e0160ed607823cfa0b1e396b6f3","/.git/hooks/commit-msg.sample":"bc34f145928b9ed0fe6772f80542947280fd5911cea34d224e4a7bd6ba3061b1","/.git/hooks/fsmonitor-watchman.sample":"99cf3c1f36a1522321226db4b21e6f68cba1307d633ef8e3aa5f0f71428b0190","/.git/hooks/post-update.sample":"5a90b90683528e4ccbbb7988cfaf55572a2e0acabea3b9486e7cab1083cb6f75","/.git/hooks/pre-applypatch.sample":"360fb1a14a79c2c87316942329120831b54116b6797a0eb88b9dfdda1964bee2","/.git/hooks/pre-commit.sample":"633e3dd407eef2dce068b0c3ca1398e6a37e6c85babe2e6bf8e5a484797c1330","/.git/hooks/pre-merge-commit.sample":"5adda9622176ee08e3b915012fde48099b18dc0afcd5eb3a8111cb83f7ef2227","/.git/hooks/pre-push.sample":"e87deca96b3589cbc7f49dafbe9b0423519bda694697e5c414d97f56ba2f29e4","/.git/hooks/pre-rebase.sample":"aa382e499e51d6d1f518a3554d04018fed99385a4e94908b5d9ec3d1ca9c3b0f","/.git/hooks/pre-receive.sample":"e123750e2b175018cba9dfb4771194238a3043e7e553cd8c5b7cfea11da80b22","/.git/hooks/prepare-commit-msg.sample":"d0d52119f40a5bef3b92d99b2226707e9b776a476d29062357d6ea9e67dcfdf1","/.git/hooks/push-to-checkout.sample":"8fcc45cf707117731570d088e42c36f2d9f2e9ece013d888370cb6d689d28640","/.git/hooks/update.sample":"4a645329f13042ffef6d897478ad61261bee8179b9113a3cf577584b073c0e94","/.git/info/exclude":"6ee9e7fa10a145192315512e5155f85ca9aa7f341386804e737e7101d8c37bd3","/.git/logs/HEAD":"939e6a509ec105d85d4c499e68d4bed0de72f84de9062b2b196d92c955b71afc","/.git/logs/refs/heads/master":"939e6a509ec105d85d4c499e68d4bed0de72f84de9062b2b196d92c955b71afc","/.git/logs/refs/remotes/origin/HEAD":"939e6a509ec105d85d4c499e68d4bed0de72f84de9062b2b196d92c955b71afc","/.git/objects/pack/pack-5bf37fefa1212dcb8585e7517b2f1e2eaeae080b.idx":"b51b0aef2dd20171eee6a3c332cc06679944f14c07244001966e3a3d9e8177bb","/.git/objects/pack/pack-5bf37fefa1212dcb8585e7517b2f1e2eaeae080b.pack":"b58eb630fe09f2c1107edac4d840384c58ce98ba6bfadbec0d61f8f42a2c34d0","/.git/refs/heads/master":"ee4db5bc14a7b2fc12090945e101ea539a3bbc5b8a219d0ff9430ab5796eb29b","/.git/refs/remotes/origin/HEAD":"32e2783fcab7b997152aefe6bc850f9c7f4719d5472887c8de40d44111cc075a","/.github/CONTRIBUTING.md":"8c3f357705b1a7b4c0de99dd634fd6490f8233e547e3e40bd9da4a926becff58","/.github/FUNDING.yml":"7a56075a9ebb56c35120ef2a2925a150fb96bcf923f509d04f1b99383cc2a1bf","/.github/workflows/js.yml":"bc580b8db0cbda4fc4db07e39180cfc5dfead03ca50c094dd88b066f604a5265","/dist/reset.css":"29b6a2bf3f34c115b91b09ec51d9ad71aaab0487aa80532f2b1ad30b8acc1523","/dist/reveal.css":"ee0c70f62b929c9f704e8cfb3c63004cfb2cddc4ea4d62ad516420eb2802fff3","/dist/reveal.esm.js":"d025fa4fade70e4cf4e0f8955f0822083458e2d915c370d4c67996b0b1bee4cf","/dist/reveal.esm.js.map":"b98f6b4dea503fa534c77f3cc94e21707abfe77fd5c0dca24b8aa989203676b2","/dist/reveal.js":"8228cde94f672a706f4e9ebfcb48c30a0414b01f42332548e5d9cef79164fe83","/dist/reveal.js.map":"426de66cd7b24bde9245a8946f7631817fa3b7d1cb6705b011fecc036fd55138","/dist/theme/beige.css":"e9a34db99ec62686cc38f60920b8363a364fdaaa1a32b234331838bf7cc0c4fc","/dist/theme/black.css":"8fe86cf8cd77ba8ddaeb7ed8243b5236a48ba109cf2b0fa659021bbb3f14ed89","/dist/theme/blood.css":"5da73164fc2c7b339b641397b852bf1d30c0d41d42a7f64c8a25a6351477ac68","/dist/theme/league.css":"f76ca1f8863e23e4dae1c01b2f43bbe811eca4d5903e4452421705e7f2fe9369","/dist/theme/moon.css":"06679223664f7f4a3dfd59a65aac5332427dd1c5f698108a5861bfae619271b3","/dist/theme/night.css":"e354bdf70c71e0439e6ec7d2e7407131aa6b050d2aeab598cd116d2cbdf6d1cd","/dist/theme/serif.css":"fa1b8e9d2d9c2f9b5adbfe442722dc51167138eb97743beae9c018d257b44ddd","/dist/theme/simple.css":"f2465f5e1cc0deb6b30778eb16b448b19c2034818ca9e19c347ad9625c4013d9","/dist/theme/sky.css":"2ae989a9e8adfb848811f7d1766a05a073b30b5f05c7d81c2e9281ca74381877","/dist/theme/solarized.css":"fbd34397e275ce77c6f987d83a63cb96c02abf3bf48153c5620783d473c3a811","/dist/theme/white.css":"944b1e55ea39b35b78b962ffc2c9de8cffc95bd2709528d7e08c43ef5259989d","/dist/theme/fonts/league-gothic/LICENSE":"8e01d9254ec83ebf0fda82642539aaea31127ba92f0ef8b337d9bc726b0d0ae6","/dist/theme/fonts/league-gothic/league-gothic.css":"da45cbe66543070ab482ef15c2df5278ef801488c68db68b8ae44e7a1c167037","/dist/theme/fonts/league-gothic/league-gothic.eot":"c0b918e94135f9f9632e5516dcfe4ae2792a13fccf3ec4dc325356f219171065","/dist/theme/fonts/league-gothic/league-gothic.ttf":"f68f02cd4d23deb0c8f9af256c9e0010d20e66fcc2f4e29c9c328fe64ec63464","/dist/theme/fonts/league-gothic/league-gothic.woff":"3dec79d9ff57f489cb217e0392a70d0f629035291be03d68b11ed0b554d9a3e2","/dist/theme/fonts/source-sans-pro/LICENSE":"73f7e126163d927f923c9cf48b22819ce3ef78a5bf7ea6a773ae9674422dfad1","/dist/theme/fonts/source-sans-pro/source-sans-pro-italic.eot":"4127c2993a5512d234759083bc7c8278f0ae29d7cfc290464d6aced4e1ae49f5","/dist/theme/fonts/source-sans-pro/source-sans-pro-italic.ttf":"9fe326eba35f55151ba1ed6152c86f9717ae9eb6213265061aaab76db303e2f7","/dist/theme/fonts/source-sans-pro/source-sans-pro-italic.woff":"3b9a27cf2748874e0b97a3e3fa396ab308fc68b76cabb7c9fbcd4759bc3ccd73","/dist/theme/fonts/source-sans-pro/source-sans-pro-regular.eot":"c62bdd1ada6580ed9a9b12a1c527b7d358c9b40aaf7385e311fc13a8720eef11","/dist/theme/fonts/source-sans-pro/source-sans-pro-regular.ttf":"c7ce5c6a82b2daea6429ee04c6475b7f9dda83d0db9216adc26b8fe82c72b0c4","/dist/theme/fonts/source-sans-pro/source-sans-pro-regular.woff":"58c02a57f5988f6b006faba49d884b38e8660d1cf346a785fffb4980b9cf5850","/dist/theme/fonts/source-sans-pro/source-sans-pro-semibold.eot":"650dcd0ca02c3c324cd2cbbaa145cd9c19dc4eea95b338e30063b8a21280c799","/dist/theme/fonts/source-sans-pro/source-sans-pro-semibold.ttf":"0536957ca996d636fec9d7f10186b369101a2c3cbb45173f84e2c5c6f243aee2","/dist/theme/fonts/source-sans-pro/source-sans-pro-semibold.woff":"15617ad8aa767023e28e86a08af53a5a45954386e5cbf080c4321721c665f6d3","/dist/theme/fonts/source-sans-pro/source-sans-pro-semibolditalic.eot":"5323ba37eef229e7c96a14621a025a759ac4b4b5a3eb92b6ecfbca18defcdda3","/dist/theme/fonts/source-sans-pro/source-sans-pro-semibolditalic.ttf":"040fcbe5f86a0d68b22d391afbbc76d3f1e6063c68ee637b118c1bbe20754de0","/dist/theme/fonts/source-sans-pro/source-sans-pro-semibolditalic.woff":"2d5a797ab7b29948ce93cd3e26a32b03b97f3a935f9e9fc0aca795704c2df387","/dist/theme/fonts/source-sans-pro/source-sans-pro.css":"f6aec9d1878050c44372ad80c9a597fd94f036a244325d19d71931ea2ab2abfb","/img/Google-Monopoly-800x450.jpg":"db0af4047052aa0c7b362a9b33f9588ce0e6fe38eddca4280cf0fb8e2bd8b016","/img/Google-Monopoly-800x450.png":"03318c4f4eda3cf070a3a551c49e28e898fb2e787194651964fe646e355d0478","/img/dart.png":"8092c7ede09e7c4bdfd77935a71b8d9b7cdd237c9e0272dd0fd11275b4ba3ddf","/img/docker.png":"57ea35f3ba50e379e8339b1f8a6fbaf9107f776a77f9546a66b0fb58628becda","/img/flatearth.png":"31a8f54ac5a927f80ebe6bbfca28d880d1989ffa529a2a6b1d22fff2d221b57b","/img/flutter.png":"8938cb8d9914442793f4b3b7450901b4accc778c58310b420f41680093b175bf","/img/logo.png":"c679cad2d7760e34d350db883f9048c0f4149bbbb8d214d256a75c8cd8a90486","/img/matomo.svg":"a2cf493c50f57d92718d78ca31e3ea6964ea02ae5ba105a28d1a27e3ad49971d","/img/parse.svg":"c74c43b105a37d1d8ff9a56361c8723ab757b12d2c6ce3e493a3c193659d1e8a","/img/rust.png":"c715ae26574b1406e5c63b646276ddfed8091cd1c81eed6dbb418879e4f934b5","/img/sin_internet.webp":"d88276cc9b901363a1ac37a6555fb1c1ba31bdec5f3fb77958022fc4a8f865d7","/img/sqlite.png":"b003a2375ecca78a97411f8bde40b6184aa3f1ed8480724438ca3b7572249fe0","/img/tantivy.png":"3805df55e3ae5e3e4a45817d66ff1de278acde8e4d5891d0b550d66b5c108aab"}}
[debug] [2022-06-09T20:32:48.792Z] <<< [apiv2][status] POST https://firebasehosting.googleapis.com/v1beta1/projects/86286815823/sites/freire-presentation/versions/5282dc86df2687f1:populateFiles 200
[debug] [2022-06-09T20:32:48.792Z] <<< [apiv2][body] POST https://firebasehosting.googleapis.com/v1beta1/projects/86286815823/sites/freire-presentation/versions/5282dc86df2687f1:populateFiles {"uploadRequiredHashes":["31a8f54ac5a927f80ebe6bbfca28d880d1989ffa529a2a6b1d22fff2d221b57b","b51b0aef2dd20171eee6a3c332cc06679944f14c07244001966e3a3d9e8177bb","b58eb630fe09f2c1107edac4d840384c58ce98ba6bfadbec0d61f8f42a2c34d0"],"uploadUrl":"https://upload-firebasehosting.googleapis.com/upload/sites/freire-presentation/versions/5282dc86df2687f1/files"}
[debug] [2022-06-09T20:32:48.798Z] >>> [apiv2][query] POST https://upload-firebasehosting.googleapis.com/upload/sites/freire-presentation/versions/5282dc86df2687f1/files/31a8f54ac5a927f80ebe6bbfca28d880d1989ffa529a2a6b1d22fff2d221b57b [none]
[debug] [2022-06-09T20:32:48.799Z] >>> [apiv2][body] POST https://upload-firebasehosting.googleapis.com/upload/sites/freire-presentation/versions/5282dc86df2687f1/files/31a8f54ac5a927f80ebe6bbfca28d880d1989ffa529a2a6b1d22fff2d221b57b [stream]
[debug] [2022-06-09T20:32:48.803Z] >>> [apiv2][query] POST https://upload-firebasehosting.googleapis.com/upload/sites/freire-presentation/versions/5282dc86df2687f1/files/b51b0aef2dd20171eee6a3c332cc06679944f14c07244001966e3a3d9e8177bb [none]
[debug] [2022-06-09T20:32:48.803Z] >>> [apiv2][body] POST https://upload-firebasehosting.googleapis.com/upload/sites/freire-presentation/versions/5282dc86df2687f1/files/b51b0aef2dd20171eee6a3c332cc06679944f14c07244001966e3a3d9e8177bb [stream]
[debug] [2022-06-09T20:32:48.807Z] >>> [apiv2][query] POST https://upload-firebasehosting.googleapis.com/upload/sites/freire-presentation/versions/5282dc86df2687f1/files/b58eb630fe09f2c1107edac4d840384c58ce98ba6bfadbec0d61f8f42a2c34d0 [none]
[debug] [2022-06-09T20:32:48.807Z] >>> [apiv2][body] POST https://upload-firebasehosting.googleapis.com/upload/sites/freire-presentation/versions/5282dc86df2687f1/files/b58eb630fe09f2c1107edac4d840384c58ce98ba6bfadbec0d61f8f42a2c34d0 [stream]
[debug] [2022-06-09T20:32:48.810Z] [hosting][populate queue][FINAL] {"max":1629,"min":1629,"avg":1629,"active":0,"complete":1,"success":1,"errored":0,"retried":0,"total":1,"elapsed":1641}
[debug] [2022-06-09T20:32:48.811Z] [hosting] uploads queued: 3
[debug] [2022-06-09T20:33:19.206Z] [uploadQueue] Retrying task 31a8f54ac5a927f80ebe6bbfca28d880d1989ffa529a2a6b1d22fff2d221b57b
[debug] [2022-06-09T20:33:19.210Z] >>> [apiv2][query] POST https://upload-firebasehosting.googleapis.com/upload/sites/freire-presentation/versions/5282dc86df2687f1/files/31a8f54ac5a927f80ebe6bbfca28d880d1989ffa529a2a6b1d22fff2d221b57b [none]
[debug] [2022-06-09T20:33:19.211Z] >>> [apiv2][body] POST https://upload-firebasehosting.googleapis.com/upload/sites/freire-presentation/versions/5282dc86df2687f1/files/31a8f54ac5a927f80ebe6bbfca28d880d1989ffa529a2a6b1d22fff2d221b57b [stream]
[debug] [2022-06-09T20:33:19.223Z] [uploadQueue] Retrying task b51b0aef2dd20171eee6a3c332cc06679944f14c07244001966e3a3d9e8177bb
[debug] [2022-06-09T20:33:19.225Z] >>> [apiv2][query] POST https://upload-firebasehosting.googleapis.com/upload/sites/freire-presentation/versions/5282dc86df2687f1/files/b51b0aef2dd20171eee6a3c332cc06679944f14c07244001966e3a3d9e8177bb [none]
[debug] [2022-06-09T20:33:19.226Z] >>> [apiv2][body] POST https://upload-firebasehosting.googleapis.com/upload/sites/freire-presentation/versions/5282dc86df2687f1/files/b51b0aef2dd20171eee6a3c332cc06679944f14c07244001966e3a3d9e8177bb [stream]
[debug] [2022-06-09T20:33:50.010Z] [uploadQueue] Retrying task 31a8f54ac5a927f80ebe6bbfca28d880d1989ffa529a2a6b1d22fff2d221b57b
[debug] [2022-06-09T20:33:50.017Z] >>> [apiv2][query] POST https://upload-firebasehosting.googleapis.com/upload/sites/freire-presentation/versions/5282dc86df2687f1/files/31a8f54ac5a927f80ebe6bbfca28d880d1989ffa529a2a6b1d22fff2d221b57b [none]
[debug] [2022-06-09T20:33:50.018Z] >>> [apiv2][body] POST https://upload-firebasehosting.googleapis.com/upload/sites/freire-presentation/versions/5282dc86df2687f1/files/31a8f54ac5a927f80ebe6bbfca28d880d1989ffa529a2a6b1d22fff2d221b57b [stream]
[debug] [2022-06-09T20:33:50.034Z] [uploadQueue] Retrying task b51b0aef2dd20171eee6a3c332cc06679944f14c07244001966e3a3d9e8177bb
[debug] [2022-06-09T20:33:50.040Z] >>> [apiv2][query] POST https://upload-firebasehosting.googleapis.com/upload/sites/freire-presentation/versions/5282dc86df2687f1/files/b51b0aef2dd20171eee6a3c332cc06679944f14c07244001966e3a3d9e8177bb [none]
[debug] [2022-06-09T20:33:50.041Z] >>> [apiv2][body] POST https://upload-firebasehosting.googleapis.com/upload/sites/freire-presentation/versions/5282dc86df2687f1/files/b51b0aef2dd20171eee6a3c332cc06679944f14c07244001966e3a3d9e8177bb [stream]
[debug] [2022-06-09T20:34:21.616Z] [uploadQueue] Retrying task 31a8f54ac5a927f80ebe6bbfca28d880d1989ffa529a2a6b1d22fff2d221b57b
[debug] [2022-06-09T20:34:21.618Z] >>> [apiv2][query] POST https://upload-firebasehosting.googleapis.com/upload/sites/freire-presentation/versions/5282dc86df2687f1/files/31a8f54ac5a927f80ebe6bbfca28d880d1989ffa529a2a6b1d22fff2d221b57b [none]
[debug] [2022-06-09T20:34:21.619Z] >>> [apiv2][body] POST https://upload-firebasehosting.googleapis.com/upload/sites/freire-presentation/versions/5282dc86df2687f1/files/31a8f54ac5a927f80ebe6bbfca28d880d1989ffa529a2a6b1d22fff2d221b57b [stream]
[debug] [2022-06-09T20:34:21.639Z] [uploadQueue] Retrying task b51b0aef2dd20171eee6a3c332cc06679944f14c07244001966e3a3d9e8177bb
[debug] [2022-06-09T20:34:21.641Z] >>> [apiv2][query] POST https://upload-firebasehosting.googleapis.com/upload/sites/freire-presentation/versions/5282dc86df2687f1/files/b51b0aef2dd20171eee6a3c332cc06679944f14c07244001966e3a3d9e8177bb [none]
[debug] [2022-06-09T20:34:21.641Z] >>> [apiv2][body] POST https://upload-firebasehosting.googleapis.com/upload/sites/freire-presentation/versions/5282dc86df2687f1/files/b51b0aef2dd20171eee6a3c332cc06679944f14c07244001966e3a3d9e8177bb [stream]
[debug] [2022-06-09T20:34:54.819Z] [uploadQueue] Retrying task 31a8f54ac5a927f80ebe6bbfca28d880d1989ffa529a2a6b1d22fff2d221b57b
[debug] [2022-06-09T20:34:54.822Z] >>> [apiv2][query] POST https://upload-firebasehosting.googleapis.com/upload/sites/freire-presentation/versions/5282dc86df2687f1/files/31a8f54ac5a927f80ebe6bbfca28d880d1989ffa529a2a6b1d22fff2d221b57b [none]
[debug] [2022-06-09T20:34:54.822Z] >>> [apiv2][body] POST https://upload-firebasehosting.googleapis.com/upload/sites/freire-presentation/versions/5282dc86df2687f1/files/31a8f54ac5a927f80ebe6bbfca28d880d1989ffa529a2a6b1d22fff2d221b57b [stream]
[debug] [2022-06-09T20:34:54.842Z] [uploadQueue] Retrying task b51b0aef2dd20171eee6a3c332cc06679944f14c07244001966e3a3d9e8177bb
[debug] [2022-06-09T20:34:54.845Z] >>> [apiv2][query] POST https://upload-firebasehosting.googleapis.com/upload/sites/freire-presentation/versions/5282dc86df2687f1/files/b51b0aef2dd20171eee6a3c332cc06679944f14c07244001966e3a3d9e8177bb [none]
[debug] [2022-06-09T20:34:54.845Z] >>> [apiv2][body] POST https://upload-firebasehosting.googleapis.com/upload/sites/freire-presentation/versions/5282dc86df2687f1/files/b51b0aef2dd20171eee6a3c332cc06679944f14c07244001966e3a3d9e8177bb [stream]
[debug] [2022-06-09T20:35:31.224Z] [uploadQueue] Retrying task 31a8f54ac5a927f80ebe6bbfca28d880d1989ffa529a2a6b1d22fff2d221b57b
[debug] [2022-06-09T20:35:31.229Z] >>> [apiv2][query] POST https://upload-firebasehosting.googleapis.com/upload/sites/freire-presentation/versions/5282dc86df2687f1/files/31a8f54ac5a927f80ebe6bbfca28d880d1989ffa529a2a6b1d22fff2d221b57b [none]
[debug] [2022-06-09T20:35:31.229Z] >>> [apiv2][body] POST https://upload-firebasehosting.googleapis.com/upload/sites/freire-presentation/versions/5282dc86df2687f1/files/31a8f54ac5a927f80ebe6bbfca28d880d1989ffa529a2a6b1d22fff2d221b57b [stream]
[debug] [2022-06-09T20:35:31.248Z] [uploadQueue] Retrying task b51b0aef2dd20171eee6a3c332cc06679944f14c07244001966e3a3d9e8177bb
[debug] [2022-06-09T20:35:31.249Z] >>> [apiv2][query] POST https://upload-firebasehosting.googleapis.com/upload/sites/freire-presentation/versions/5282dc86df2687f1/files/b51b0aef2dd20171eee6a3c332cc06679944f14c07244001966e3a3d9e8177bb [none]
[debug] [2022-06-09T20:35:31.250Z] >>> [apiv2][body] POST https://upload-firebasehosting.googleapis.com/upload/sites/freire-presentation/versions/5282dc86df2687f1/files/b51b0aef2dd20171eee6a3c332cc06679944f14c07244001966e3a3d9e8177bb [stream]
